<?xml version="1.0" encoding="UTF-8"?>
<!-- Generated by org.testng.reporters.JUnitReportReporter -->
<testsuite hostname="Silams-MacBook-Pro.local" failures="0" tests="1" name="tests.AmazonSearchTest1" time="5.107" errors="0" timestamp="2021-05-30T22:21:51 EDT" skipped="0">
  <testcase classname="tests.AmazonSearchTest1" name="homepage1" time="5.107"/>
  <system-out/>
</testsuite> <!-- tests.AmazonSearchTest1 -->
