<?xml version="1.0" encoding="UTF-8"?>
<!-- Generated by org.testng.reporters.JUnitReportReporter -->
<testsuite hostname="Silams-MacBook-Pro.local" failures="0" tests="4" name="tests.AmazonSearchDataDrivenTest" time="0.013" errors="0" timestamp="2021-06-05T10:56:43 EDT" skipped="0">
  <testcase classname="tests.AmazonSearchDataDrivenTest" name="test" time="0.002"/>
  <system-out/>
  <testcase classname="tests.AmazonSearchDataDrivenTest" name="test" time="0.007"/>
  <system-out/>
  <testcase classname="tests.AmazonSearchDataDrivenTest" name="test" time="0.002"/>
  <system-out/>
  <testcase classname="tests.AmazonSearchDataDrivenTest" name="test" time="0.002"/>
  <system-out/>
</testsuite> <!-- tests.AmazonSearchDataDrivenTest -->
