<?xml version="1.0" encoding="UTF-8"?>
<!-- Generated by org.testng.reporters.JUnitReportReporter -->
<testsuite hostname="Silams-MacBook-Pro.local" failures="0" tests="1" name="tests.AmazonSearchTest" time="7.828" errors="0" timestamp="2021-06-05T03:19:13 EDT" skipped="0">
  <testcase classname="tests.AmazonSearchTest" name="amazonSearchTest" time="7.828"/>
  <system-out/>
</testsuite> <!-- tests.AmazonSearchTest -->
